<testsuites><testsuite package="Parser" id="0" name="Parser" timestamp="2026-02-16T20:24:49" hostname="localhost" tests="26" failures="0" errors="0" skipped="0" time="0"><properties></properties><testcase name="all valid style names" classname="Parser.Style - Valid names" time="0"></testcase><testcase name="unknown and empty names" classname="Parser.Style - Invalid names" time="0"></testcase><testcase name="case insensitivity" classname="Parser.Style - Invalid names" time="0"></testcase><testcase name="all styles to codes 1-9" classname="Parser.Style - Code mapping" time="0"></testcase><testcase name="valid xterm256 color names" classname="Parser.Colors - Named" time="0"></testcase><testcase name="invalid color name" classname="Parser.Colors - Named" time="0"></testcase><testcase name="valid hex formats" classname="Parser.Colors - Hex" time="0"></testcase><testcase name="invalid hex formats" classname="Parser.Colors - Hex" time="0"></testcase><testcase name="valid RGB values" classname="Parser.Colors - RGB" time="0"></testcase><testcase name="out of range RGB values" classname="Parser.Colors - RGB" time="0"></testcase><testcase name="valid HSL values" classname="Parser.Colors - HSL" time="0"></testcase><testcase name="out of range HSL values" classname="Parser.Colors - HSL" time="0"></testcase><testcase name="None qualifier -&gt; Foreground" classname="Parser.Qualified colors" time="0"></testcase><testcase name="fg qualifier" classname="Parser.Qualified colors" time="0"></testcase><testcase name="bg qualifier" classname="Parser.Qualified colors" time="0"></testcase><testcase name="invalid qualifier" classname="Parser.Qualified colors" time="0"></testcase><testcase name="empty token list" classname="Parser.Token aggregation - Empty/Single" time="0"></testcase><testcase name="single control" classname="Parser.Token aggregation - Empty/Single" time="0"></testcase><testcase name="multiple different controls" classname="Parser.Token aggregation - Controls" time="0"></testcase><testcase name="duplicate controls" classname="Parser.Token aggregation - Controls" time="0"></testcase><testcase name="foreground color" classname="Parser.Token aggregation - Colors" time="0"></testcase><testcase name="background color" classname="Parser.Token aggregation - Colors" time="0"></testcase><testcase name="both colors" classname="Parser.Token aggregation - Colors" time="0"></testcase><testcase name="multiple fg colors (last wins)" classname="Parser.Token aggregation - Colors" time="0"></testcase><testcase name="mixed controls and colors" classname="Parser.Token aggregation - Mixed" time="0"></testcase><testcase name="color to rgba" classname="Parser.RGBA conversion" time="0"></testcase></testsuite></testsuites>
