<testsuites><testsuite package="Query" id="0" name="Query" timestamp="2026-02-16T20:15:26" hostname="localhost" tests="18" failures="0" errors="0" skipped="0" time="0"><properties></properties><testcase name="0-F scaling" classname="Query.hex_to_8bit - Single char" time="0"></testcase><testcase name="00-FF standard" classname="Query.hex_to_8bit - Two chars" time="0"></testcase><testcase name="000-FFF scaling" classname="Query.hex_to_8bit - Three chars" time="0"></testcase><testcase name="0000-FFFF scaling" classname="Query.hex_to_8bit - Four chars" time="0"></testcase><testcase name="empty string raises" classname="Query.hex_to_8bit - Edge cases" time="0"></testcase><testcase name="same value different widths" classname="Query.hex_to_8bit - Scaling consistency" time="0"></testcase><testcase name="red" classname="Query.parse_colour - Valid formats" time="0"></testcase><testcase name="green" classname="Query.parse_colour - Valid formats" time="0"></testcase><testcase name="blue" classname="Query.parse_colour - Valid formats" time="0"></testcase><testcase name="mixed widths" classname="Query.parse_colour - Valid formats" time="0"></testcase><testcase name="uppercase hex rejected" classname="Query.parse_colour - Valid formats" time="0"></testcase><testcase name="missing prefix" classname="Query.parse_colour - Invalid formats" time="0"></testcase><testcase name="wrong separators" classname="Query.parse_colour - Invalid formats" time="0"></testcase><testcase name="non-hex chars" classname="Query.parse_colour - Invalid formats" time="0"></testcase><testcase name="too many chars" classname="Query.parse_colour - Invalid formats" time="0"></testcase><testcase name="query on non-TTY" classname="Query.Terminal I/O - Error handling" time="0"></testcase><testcase name="set_raw on non-TTY" classname="Query.Terminal I/O - Error handling" time="0"></testcase><testcase name="get_colours on non-TTY" classname="Query.Terminal I/O - Error handling" time="0"></testcase></testsuite></testsuites>
