<testsuites><testsuite package="Printer" id="0" name="Printer" timestamp="2026-02-16T20:20:31" hostname="localhost" tests="81" failures="0" errors="1" skipped="0" time="0"><properties></properties><testcase name="Bold" classname="Printer.Exn Simple: Single style" time="0"></testcase><testcase name="Bold (case-insensitive)" classname="Printer.Exn Simple: Single style" time="0"></testcase><testcase name="Rapid blink" classname="Printer.Exn Simple: Single style" time="0"></testcase><testcase name="Named (foreground): red" classname="Printer.Exn Simple: Single colour" time="0"></testcase><testcase name="Named (foreground): red (case-insensitive)" classname="Printer.Exn Simple: Single colour" time="0"></testcase><testcase name="Hex (foreground): FC9" classname="Printer.Exn Simple: Single colour" time="0"></testcase><testcase name="Hex (foreground): f0c090" classname="Printer.Exn Simple: Single colour" time="0"></testcase><testcase name="Named (background): red" classname="Printer.Exn Simple: Single colour" time="0"></testcase><testcase name="Hex (background): FC9" classname="Printer.Exn Simple: Single colour" time="0"></testcase><testcase name="Hex (background): f0c090" classname="Printer.Exn Simple: Single colour" time="0"></testcase><testcase name="rgb(9, 21, 231)" classname="Printer.Exn Simple: Single colour" time="0"></testcase><testcase name="hsl(75 100 50)" classname="Printer.Exn Simple: Single colour" time="0"></testcase><testcase name="hsl(75 100% 50%)" classname="Printer.Exn Simple: Single colour" time="0"></testcase><testcase name="0-3-0 tag stack" classname="Printer.Exn Simple: Nested" time="0"></testcase><testcase name="0-5-0 deep nesting" classname="Printer.Exn Simple: Nested" time="0"></testcase><testcase name="One string arg" classname="Printer.Exn Simple: Format args" time="0"></testcase><testcase name="Bold" classname="Printer.Noexn Simple: Single style" time="0"></testcase><testcase name="Bold (case-insensitive)" classname="Printer.Noexn Simple: Single style" time="0"></testcase><testcase name="Rapid blink" classname="Printer.Noexn Simple: Single style" time="0"></testcase><testcase name="Named (foreground): red" classname="Printer.Noexn Simple: Single colour" time="0"></testcase><testcase name="Named (foreground): red (case-insensitive)" classname="Printer.Noexn Simple: Single colour" time="0"></testcase><testcase name="Hex (foreground): FC9" classname="Printer.Noexn Simple: Single colour" time="0"></testcase><testcase name="Hex (foreground): f0c090" classname="Printer.Noexn Simple: Single colour" time="0"></testcase><testcase name="Named (background): red" classname="Printer.Noexn Simple: Single colour" time="0"></testcase><testcase name="Hex (background): FC9" classname="Printer.Noexn Simple: Single colour" time="0"></testcase><testcase name="Hex (background): f0c090" classname="Printer.Noexn Simple: Single colour" time="0"></testcase><testcase name="rgb(9, 21, 231)" classname="Printer.Noexn Simple: Single colour" time="0"></testcase><testcase name="hsl(75 100 50)" classname="Printer.Noexn Simple: Single colour" time="0"></testcase><testcase name="hsl(75 100% 50%)" classname="Printer.Noexn Simple: Single colour" time="0"></testcase><testcase name="0-3-0 tag stack" classname="Printer.Noexn Simple: Nested" time="0"></testcase><testcase name="0-5-0 deep nesting" classname="Printer.Noexn Simple: Nested" time="0"></testcase><testcase name="One string arg" classname="Printer.Noexn Simple: Format args" time="0"></testcase><testcase name="Bold" classname="Printer.Exn Format: Single style" time="0"></testcase><testcase name="Bold (case-insensitive)" classname="Printer.Exn Format: Single style" time="0"></testcase><testcase name="Rapid blink" classname="Printer.Exn Format: Single style" time="0"></testcase><testcase name="Named (foreground): red" classname="Printer.Exn Format: Single colour" time="0"></testcase><testcase name="Named (foreground): red (case-insensitive)" classname="Printer.Exn Format: Single colour" time="0"></testcase><testcase name="Hex (foreground): FC9" classname="Printer.Exn Format: Single colour" time="0"></testcase><testcase name="Hex (foreground): f0c090" classname="Printer.Exn Format: Single colour" time="0"></testcase><testcase name="Named (background): red" classname="Printer.Exn Format: Single colour" time="0"></testcase><testcase name="Hex (background): FC9" classname="Printer.Exn Format: Single colour" time="0"></testcase><testcase name="Hex (background): f0c090" classname="Printer.Exn Format: Single colour" time="0"></testcase><testcase name="rgb(9, 21, 231)" classname="Printer.Exn Format: Single colour" time="0"></testcase><testcase name="hsl(75 100 50)" classname="Printer.Exn Format: Single colour" time="0"></testcase><testcase name="hsl(75 100% 50%)" classname="Printer.Exn Format: Single colour" time="0"></testcase><testcase name="0-3-0 tag stack" classname="Printer.Exn Format: Nested" time="0"></testcase><testcase name="0-5-0 deep nesting" classname="Printer.Exn Format: Nested" time="0"></testcase><testcase name="One string arg" classname="Printer.Exn Format: Format args" time="0"></testcase><testcase name="Bold" classname="Printer.Noexn Format: Single style" time="0"></testcase><testcase name="Bold (case-insensitive)" classname="Printer.Noexn Format: Single style" time="0"></testcase><testcase name="Rapid blink" classname="Printer.Noexn Format: Single style" time="0"></testcase><testcase name="Named (foreground): red" classname="Printer.Noexn Format: Single colour" time="0"></testcase><testcase name="Named (foreground): red (case-insensitive)" classname="Printer.Noexn Format: Single colour" time="0"></testcase><testcase name="Hex (foreground): FC9" classname="Printer.Noexn Format: Single colour" time="0"></testcase><testcase name="Hex (foreground): f0c090" classname="Printer.Noexn Format: Single colour" time="0"></testcase><testcase name="Named (background): red" classname="Printer.Noexn Format: Single colour" time="0"></testcase><testcase name="Hex (background): FC9" classname="Printer.Noexn Format: Single colour" time="0"></testcase><testcase name="Hex (background): f0c090" classname="Printer.Noexn Format: Single colour" time="0"></testcase><testcase name="rgb(9, 21, 231)" classname="Printer.Noexn Format: Single colour" time="0"></testcase><testcase name="hsl(75 100 50)" classname="Printer.Noexn Format: Single colour" time="0"></testcase><testcase name="hsl(75 100% 50%)" classname="Printer.Noexn Format: Single colour" time="0"></testcase><testcase name="0-3-0 tag stack" classname="Printer.Noexn Format: Nested" time="0"></testcase><testcase name="0-5-0 deep nesting" classname="Printer.Noexn Format: Nested" time="0"></testcase><testcase name="One string arg" classname="Printer.Noexn Format: Format args" time="0"></testcase><testcase name="Invalid color name (fg implicit)" classname="Printer.Exn: Invalid tags" time="0"></testcase><testcase name="Invalid color name (fg)" classname="Printer.Exn: Invalid tags" time="0"></testcase><testcase name="Invalid color name (bg)" classname="Printer.Exn: Invalid tags" time="0"></testcase><testcase name="Invalid color name" classname="Printer.Exn: Invalid tags" time="0"></testcase><testcase name="Invalid tag (not matched as hex)" classname="Printer.Exn: Invalid tags" time="0"></testcase><testcase name="Invalid color name (not matched as hex)" classname="Printer.Exn: Invalid tags" time="0"></testcase><testcase name="Invalid tag (not matched as hex, in compound tag)" classname="Printer.Exn: Invalid tags" time="0"></testcase><testcase name="Invalid color name (in compound tag)" classname="Printer.Exn: Invalid tags" time="0"></testcase><testcase name="Invalid color name (fg implicit)" classname="Printer.Noexn: Invalid tags" time="0"></testcase><testcase name="Invalid color name (fg)" classname="Printer.Noexn: Invalid tags" time="0"></testcase><testcase name="Invalid color name (bg)" classname="Printer.Noexn: Invalid tags" time="0"></testcase><testcase name="Invalid color name" classname="Printer.Noexn: Invalid tags" time="0"></testcase><testcase name="Invalid tag (not matched as hex)" classname="Printer.Noexn: Invalid tags" time="0"></testcase><testcase name="Invalid color name (not matched as hex)" classname="Printer.Noexn: Invalid tags" time="0"></testcase><testcase name="Invalid tag (not matched as hex, in compound tag)" classname="Printer.Noexn: Invalid tags" time="0"></testcase><testcase name="Invalid color name (in compound tag)" classname="Printer.Noexn: Invalid tags" time="0"></testcase><testcase name="Recovery after invalid tag" classname="Printer.Noexn: Invalid tags" time="0"><error message="test crashed" type="exception raised">Alcotest assertion failure
&#27;[1mFile &quot;alcotest/junit_alcotest.ml&quot;, line 22, character 6:
&#27;[0m&#27;[31mFAIL&#27;[0m @{&lt;xxx&gt;bad@}@{&lt;bold&gt;good@} -&gt; bad\027[0;1mgood\027[0m | bad\027[1mgood

   Expected: `&#27;[32m&quot;bad\027[0;1mgood\027[0m&quot;&#27;[0m'
   Received: `&#27;[31m&quot;bad\027[1mgood&quot;&#27;[0m'

</error></testcase></testsuite></testsuites>
